<?xml version="1.0" encoding="UTF-8"?>
<!-- Generated by org.testng.reporters.JUnitReportReporter -->
<testsuite skipped="0" hostname="Vinesh-PC" name="test.TestCase1" tests="1" failures="0" timestamp="23 Sep 2018 09:52:07 GMT" time="36.198" errors="0">
  <testcase name="test1" time="36.198" classname="test.TestCase1"/>
</testsuite> <!-- test.TestCase1 -->
